[debug] [2020-11-17T20:55:06.133Z] ----------------------------------------------------------------------
[debug] [2020-11-17T20:55:06.134Z] Command:       C:\Program Files\nodejs\node.exe C:\Users\ANSHA\AppData\Roaming\npm\node_modules\firebase-tools\lib\bin\firebase.js serve
[debug] [2020-11-17T20:55:06.135Z] CLI Version:   8.16.2
[debug] [2020-11-17T20:55:06.135Z] Platform:      win32
[debug] [2020-11-17T20:55:06.135Z] Node Version:  v14.4.0
[debug] [2020-11-17T20:55:06.136Z] Time:          Wed Nov 18 2020 02:25:06 GMT+0530 (India Standard Time)
[debug] [2020-11-17T20:55:06.136Z] ----------------------------------------------------------------------
[debug] [2020-11-17T20:55:06.136Z] 
[debug] [2020-11-17T20:55:06.142Z] > command requires scopes: ["email","openid","https://www.googleapis.com/auth/cloudplatformprojects.readonly","https://www.googleapis.com/auth/firebase","https://www.googleapis.com/auth/cloud-platform"]
[debug] [2020-11-17T20:55:06.142Z] > authorizing via signed-in user
[debug] [2020-11-17T20:55:06.142Z] [iam] checking project poshangyan for permissions ["firebase.projects.get"]
[debug] [2020-11-17T20:55:06.145Z] >>> HTTP REQUEST POST https://cloudresourcemanager.googleapis.com/v1/projects/poshangyan:testIamPermissions  
 {"permissions":["firebase.projects.get"]}
[debug] [2020-11-17T20:55:07.806Z] <<< HTTP RESPONSE 200 {"content-type":"application/json; charset=UTF-8","vary":"X-Origin, Referer, Origin,Accept-Encoding","date":"Tue, 17 Nov 2020 20:55:08 GMT","server":"ESF","cache-control":"private","x-xss-protection":"0","x-frame-options":"SAMEORIGIN","x-content-type-options":"nosniff","server-timing":"gfet4t7; dur=1219","alt-svc":"h3-Q050=\":443\"; ma=2592000,h3-29=\":443\"; ma=2592000,h3-T051=\":443\"; ma=2592000,h3-Q046=\":443\"; ma=2592000,h3-Q043=\":443\"; ma=2592000,quic=\":443\"; ma=2592000; v=\"46,43\"","accept-ranges":"none","transfer-encoding":"chunked"}
[debug] [2020-11-17T20:55:07.811Z] >>> HTTP REQUEST GET https://firebase.googleapis.com/v1beta1/projects/poshangyan  
 
[debug] [2020-11-17T20:55:08.470Z] <<< HTTP RESPONSE 200 {"content-type":"application/json; charset=UTF-8","vary":"X-Origin, Referer, Origin,Accept-Encoding","date":"Tue, 17 Nov 2020 20:55:09 GMT","server":"ESF","cache-control":"private","x-xss-protection":"0","x-frame-options":"SAMEORIGIN","x-content-type-options":"nosniff","alt-svc":"h3-Q050=\":443\"; ma=2592000,h3-29=\":443\"; ma=2592000,h3-T051=\":443\"; ma=2592000,h3-Q046=\":443\"; ma=2592000,h3-Q043=\":443\"; ma=2592000,quic=\":443\"; ma=2592000; v=\"46,43\"","accept-ranges":"none","transfer-encoding":"chunked"}
[info] 
[info] === Serving from 'G:\PoshanGyan\poshangyan-backend'...
[info] 
[warn] !  Your functions directory does not specify a Node version.
   - Learn more at https://firebase.google.com/docs/functions/manage-functions#set_runtime_options {"metadata":{"emulator":{"name":"functions"},"message":"Your functions directory does not specify a Node version.\n   - Learn more at https://firebase.google.com/docs/functions/manage-functions#set_runtime_options"}}
[debug] [2020-11-17T20:55:10.520Z] defaultcredentials: writing to file C:\Users\ANSHA\AppData\Roaming\firebase\meetanshaj_2626_today_application_default_credentials.json
[debug] [2020-11-17T20:55:10.521Z] Setting GAC to C:\Users\ANSHA\AppData\Roaming\firebase\meetanshaj_2626_today_application_default_credentials.json {"metadata":{"emulator":{"name":"functions"},"message":"Setting GAC to C:\\Users\\ANSHA\\AppData\\Roaming\\firebase\\meetanshaj_2626_today_application_default_credentials.json"}}
[info] i  functions: Watching "G:\PoshanGyan\poshangyan-backend\functions" for Cloud Functions... {"metadata":{"emulator":{"name":"functions"},"message":"Watching \"G:\\PoshanGyan\\poshangyan-backend\\functions\" for Cloud Functions..."}}
[debug] [2020-11-17T20:55:10.543Z] [worker-pool] addWorker(~diagnostic~) {"metadata":{"emulator":{"name":"functions"},"message":"[worker-pool] addWorker(~diagnostic~)"}}
[debug] [2020-11-17T20:55:10.543Z] [worker-pool] Adding worker with key ~diagnostic~, total=1 {"metadata":{"emulator":{"name":"functions"},"message":"[worker-pool] Adding worker with key ~diagnostic~, total=1"}}
[debug] [2020-11-17T20:55:10.544Z] [worker-pool] submitWork(triggerId=) {"metadata":{"emulator":{"name":"functions"},"message":"[worker-pool] submitWork(triggerId=)"}}
[debug] [2020-11-17T20:55:10.544Z] [worker-~diagnostic~-6f387ede-5027-44e9-927b-d226fb014f7b]: Assigning socketPath: \\?\pipe\G:\PoshanGyan\poshangyan-backend\functions\11548 {"metadata":{"emulator":{"name":"functions"},"message":"[worker-~diagnostic~-6f387ede-5027-44e9-927b-d226fb014f7b]: Assigning socketPath: \\\\?\\pipe\\G:\\PoshanGyan\\poshangyan-backend\\functions\\11548"}}
[debug] [2020-11-17T20:55:10.544Z] [worker-~diagnostic~-6f387ede-5027-44e9-927b-d226fb014f7b]: BUSY {"metadata":{"emulator":{"name":"functions"},"message":"[worker-~diagnostic~-6f387ede-5027-44e9-927b-d226fb014f7b]: BUSY"}}
[debug] [2020-11-17T20:55:10.886Z] [runtime-status] [11548] Functions runtime initialized. {"cwd":"G:\\PoshanGyan\\poshangyan-backend\\functions","node_version":"14.4.0"} {"metadata":{"emulator":{"name":"functions"},"message":"[runtime-status] [11548] Functions runtime initialized. {\"cwd\":\"G:\\\\PoshanGyan\\\\poshangyan-backend\\\\functions\",\"node_version\":\"14.4.0\"}"}}
[debug] [2020-11-17T20:55:10.886Z] [runtime-status] [11548] Disabled runtime features: undefined {"metadata":{"emulator":{"name":"functions"},"message":"[runtime-status] [11548] Disabled runtime features: undefined"}}
[debug] [2020-11-17T20:55:10.889Z] [runtime-status] [11548] Resolved module firebase-admin {"declared":true,"installed":true,"version":"9.4.1","resolution":"G:\\PoshanGyan\\poshangyan-backend\\functions\\node_modules\\firebase-admin\\lib\\index.js"} {"metadata":{"emulator":{"name":"functions"},"message":"[runtime-status] [11548] Resolved module firebase-admin {\"declared\":true,\"installed\":true,\"version\":\"9.4.1\",\"resolution\":\"G:\\\\PoshanGyan\\\\poshangyan-backend\\\\functions\\\\node_modules\\\\firebase-admin\\\\lib\\\\index.js\"}"}}
[debug] [2020-11-17T20:55:10.890Z] [runtime-status] [11548] Resolved module firebase-functions {"declared":true,"installed":true,"version":"3.11.0","resolution":"G:\\PoshanGyan\\poshangyan-backend\\functions\\node_modules\\firebase-functions\\lib\\index.js"} {"metadata":{"emulator":{"name":"functions"},"message":"[runtime-status] [11548] Resolved module firebase-functions {\"declared\":true,\"installed\":true,\"version\":\"3.11.0\",\"resolution\":\"G:\\\\PoshanGyan\\\\poshangyan-backend\\\\functions\\\\node_modules\\\\firebase-functions\\\\lib\\\\index.js\"}"}}
[debug] [2020-11-17T20:55:10.891Z] [runtime-status] [11548] Resolved module firebase-functions {"declared":true,"installed":true,"version":"3.11.0","resolution":"G:\\PoshanGyan\\poshangyan-backend\\functions\\node_modules\\firebase-functions\\lib\\index.js"} {"metadata":{"emulator":{"name":"functions"},"message":"[runtime-status] [11548] Resolved module firebase-functions {\"declared\":true,\"installed\":true,\"version\":\"3.11.0\",\"resolution\":\"G:\\\\PoshanGyan\\\\poshangyan-backend\\\\functions\\\\node_modules\\\\firebase-functions\\\\lib\\\\index.js\"}"}}
[debug] [2020-11-17T20:55:10.892Z] [runtime-status] [11548] Outgoing network have been stubbed. [{"name":"http","status":"mocked"},{"name":"http","status":"mocked"},{"name":"https","status":"mocked"},{"name":"https","status":"mocked"},{"name":"net","status":"mocked"}] {"metadata":{"emulator":{"name":"functions"},"message":"[runtime-status] [11548] Outgoing network have been stubbed. [{\"name\":\"http\",\"status\":\"mocked\"},{\"name\":\"http\",\"status\":\"mocked\"},{\"name\":\"https\",\"status\":\"mocked\"},{\"name\":\"https\",\"status\":\"mocked\"},{\"name\":\"net\",\"status\":\"mocked\"}]"}}
[debug] [2020-11-17T20:55:10.892Z] [runtime-status] [11548] Resolved module firebase-functions {"declared":true,"installed":true,"version":"3.11.0","resolution":"G:\\PoshanGyan\\poshangyan-backend\\functions\\node_modules\\firebase-functions\\lib\\index.js"} {"metadata":{"emulator":{"name":"functions"},"message":"[runtime-status] [11548] Resolved module firebase-functions {\"declared\":true,\"installed\":true,\"version\":\"3.11.0\",\"resolution\":\"G:\\\\PoshanGyan\\\\poshangyan-backend\\\\functions\\\\node_modules\\\\firebase-functions\\\\lib\\\\index.js\"}"}}
[debug] [2020-11-17T20:55:10.926Z] [runtime-status] [11548] Checked functions.config() {"config":{}} {"metadata":{"emulator":{"name":"functions"},"message":"[runtime-status] [11548] Checked functions.config() {\"config\":{}}"}}
[debug] [2020-11-17T20:55:10.926Z] [runtime-status] [11548] firebase-functions has been stubbed. {"functionsResolution":{"declared":true,"installed":true,"version":"3.11.0","resolution":"G:\\PoshanGyan\\poshangyan-backend\\functions\\node_modules\\firebase-functions\\lib\\index.js"}} {"metadata":{"emulator":{"name":"functions"},"message":"[runtime-status] [11548] firebase-functions has been stubbed. {\"functionsResolution\":{\"declared\":true,\"installed\":true,\"version\":\"3.11.0\",\"resolution\":\"G:\\\\PoshanGyan\\\\poshangyan-backend\\\\functions\\\\node_modules\\\\firebase-functions\\\\lib\\\\index.js\"}}"}}
[debug] [2020-11-17T20:55:10.926Z] [runtime-status] [11548] Resolved module firebase-functions {"declared":true,"installed":true,"version":"3.11.0","resolution":"G:\\PoshanGyan\\poshangyan-backend\\functions\\node_modules\\firebase-functions\\lib\\index.js"} {"metadata":{"emulator":{"name":"functions"},"message":"[runtime-status] [11548] Resolved module firebase-functions {\"declared\":true,\"installed\":true,\"version\":\"3.11.0\",\"resolution\":\"G:\\\\PoshanGyan\\\\poshangyan-backend\\\\functions\\\\node_modules\\\\firebase-functions\\\\lib\\\\index.js\"}"}}
[debug] [2020-11-17T20:55:10.927Z] [runtime-status] [11548] Resolved module firebase-admin {"declared":true,"installed":true,"version":"9.4.1","resolution":"G:\\PoshanGyan\\poshangyan-backend\\functions\\node_modules\\firebase-admin\\lib\\index.js"} {"metadata":{"emulator":{"name":"functions"},"message":"[runtime-status] [11548] Resolved module firebase-admin {\"declared\":true,\"installed\":true,\"version\":\"9.4.1\",\"resolution\":\"G:\\\\PoshanGyan\\\\poshangyan-backend\\\\functions\\\\node_modules\\\\firebase-admin\\\\lib\\\\index.js\"}"}}
[debug] [2020-11-17T20:55:10.928Z] [runtime-status] [11548] Resolved module firebase-functions {"declared":true,"installed":true,"version":"3.11.0","resolution":"G:\\PoshanGyan\\poshangyan-backend\\functions\\node_modules\\firebase-functions\\lib\\index.js"} {"metadata":{"emulator":{"name":"functions"},"message":"[runtime-status] [11548] Resolved module firebase-functions {\"declared\":true,\"installed\":true,\"version\":\"3.11.0\",\"resolution\":\"G:\\\\PoshanGyan\\\\poshangyan-backend\\\\functions\\\\node_modules\\\\firebase-functions\\\\lib\\\\index.js\"}"}}
[debug] [2020-11-17T20:55:10.928Z] [runtime-status] [11548] firebase-admin has been stubbed. {"adminResolution":{"declared":true,"installed":true,"version":"9.4.1","resolution":"G:\\PoshanGyan\\poshangyan-backend\\functions\\node_modules\\firebase-admin\\lib\\index.js"}} {"metadata":{"emulator":{"name":"functions"},"message":"[runtime-status] [11548] firebase-admin has been stubbed. {\"adminResolution\":{\"declared\":true,\"installed\":true,\"version\":\"9.4.1\",\"resolution\":\"G:\\\\PoshanGyan\\\\poshangyan-backend\\\\functions\\\\node_modules\\\\firebase-admin\\\\lib\\\\index.js\"}}"}}
[info] +  functions[api]: http function initialized (http://localhost:5000/poshangyan/us-central1/api). {"metadata":{"emulator":{"name":"functions"},"message":"\u001b[1mhttp\u001b[22m function initialized (http://localhost:5000/poshangyan/us-central1/api)."}}
[debug] [2020-11-17T20:55:11.012Z] [worker-~diagnostic~-6f387ede-5027-44e9-927b-d226fb014f7b]: IDLE {"metadata":{"emulator":{"name":"functions"},"message":"[worker-~diagnostic~-6f387ede-5027-44e9-927b-d226fb014f7b]: IDLE"}}
